build/app/intermediates/manifest_merge_blame_file/release/manifest-merger-blame-release-report.txt
1<?xml version="1.0" encoding="utf-8"?>
2<manifest xmlns:android="http://schemas.android.com/apk/res/android"
3    package="com.highqfresh"
4    android:versionCode="1"
5    android:versionName="1.0.0" >
6
7    <uses-sdk
8        android:minSdkVersion="16"
8-->src/main/AndroidManifest.xml
9        android:targetSdkVersion="28" />
9-->src/main/AndroidManifest.xml
10
11    <uses-permission android:name="android.permission.INTERNET" />
11-->src/main/AndroidManifest.xml:3:5-67
11-->src/main/AndroidManifest.xml:3:22-64
12    <uses-permission android:name="android.permission.ACCESS_NETWORK_STATE" />
12-->[:connectivity] AndroidManifest.xml:7:5-79
12-->[:connectivity] AndroidManifest.xml:7:22-76
13    <uses-permission android:name="android.permission.ACCESS_WIFI_STATE" />
13-->[:connectivity] AndroidManifest.xml:8:5-76
13-->[:connectivity] AndroidManifest.xml:8:22-73
14    <uses-permission android:name="android.permission.WAKE_LOCK" /> <!-- Required by older versions of Google Play services to create IID tokens -->
14-->[com.google.firebase:firebase-iid:20.1.5] AndroidManifest.xml:24:5-68
14-->[com.google.firebase:firebase-iid:20.1.5] AndroidManifest.xml:24:22-65
15    <uses-permission android:name="com.google.android.c2dm.permission.RECEIVE" />
15-->[com.google.firebase:firebase-iid:20.1.5] AndroidManifest.xml:26:5-82
15-->[com.google.firebase:firebase-iid:20.1.5] AndroidManifest.xml:26:22-79
16    <!--
17 io.flutter.app.FlutterApplication is an android.app.Application that
18         calls FlutterMain.startInitialization(this); in its onCreate method.
19         In most cases you can leave this as-is, but you if you want to provide
20         additional functionality it is fine to subclass or reimplement
21         FlutterApplication and put your custom class here.
22    -->
23    <application
23-->src/main/AndroidManifest.xml:10:5-38:19
24        android:name="com.highqfresh.Application"
24-->src/main/AndroidManifest.xml:11:9-36
25        android:appComponentFactory="androidx.core.app.CoreComponentFactory"
25-->[androidx.core:core:1.1.0] AndroidManifest.xml:24:18-86
26        android:icon="@mipmap/ic_launcher"
26-->src/main/AndroidManifest.xml:14:9-43
27        android:label="@string/app_name"
27-->src/main/AndroidManifest.xml:12:9-41
28        android:networkSecurityConfig="@xml/network_security_config" >
28-->src/main/AndroidManifest.xml:13:9-69
29        <activity
29-->src/main/AndroidManifest.xml:15:9-37:20
30            android:name="com.highqfresh.MainActivity"
30-->src/main/AndroidManifest.xml:16:13-41
31            android:configChanges="orientation|keyboardHidden|keyboard|screenSize|locale|layoutDirection|fontScale|screenLayout|density|uiMode"
31-->src/main/AndroidManifest.xml:19:13-144
32            android:hardwareAccelerated="true"
32-->src/main/AndroidManifest.xml:20:13-47
33            android:launchMode="singleTop"
33-->src/main/AndroidManifest.xml:17:13-43
34            android:theme="@style/LaunchTheme"
34-->src/main/AndroidManifest.xml:18:13-47
35            android:windowSoftInputMode="adjustResize" >
35-->src/main/AndroidManifest.xml:21:13-55
36
37            <!--
38                 This keeps the window background of the activity showing
39                 until Flutter renders its first frame. It can be removed if
40                 there is no splash screen (such as the default splash screen
41                 defined in @style/LaunchTheme).
42            -->
43            <meta-data
43-->src/main/AndroidManifest.xml:26:13-28:40
44                android:name="io.flutter.app.android.SplashScreenUntilFirstFrame"
44-->src/main/AndroidManifest.xml:27:17-82
45                android:value="true" />
45-->src/main/AndroidManifest.xml:28:17-37
46
47            <intent-filter>
47-->src/main/AndroidManifest.xml:29:13-32:29
48                <action android:name="android.intent.action.MAIN" />
48-->src/main/AndroidManifest.xml:30:17-68
48-->src/main/AndroidManifest.xml:30:25-66
49
50                <category android:name="android.intent.category.LAUNCHER" />
50-->src/main/AndroidManifest.xml:31:17-76
50-->src/main/AndroidManifest.xml:31:27-74
51            </intent-filter>
52            <intent-filter>
52-->src/main/AndroidManifest.xml:33:13-36:29
53                <action android:name="FLUTTER_NOTIFICATION_CLICK" />
53-->src/main/AndroidManifest.xml:34:17-69
53-->src/main/AndroidManifest.xml:34:25-66
54
55                <category android:name="android.intent.category.DEFAULT" />
55-->src/main/AndroidManifest.xml:35:17-76
55-->src/main/AndroidManifest.xml:35:27-73
56            </intent-filter>
57        </activity>
58
59        <service android:name="io.flutter.plugins.firebasemessaging.FlutterFirebaseMessagingService" >
59-->[:firebase_messaging] AndroidManifest.xml:8:9-12:19
59-->[:firebase_messaging] AndroidManifest.xml:8:18-101
60            <intent-filter>
60-->[:firebase_messaging] AndroidManifest.xml:9:13-11:29
61                <action android:name="com.google.firebase.MESSAGING_EVENT" />
61-->[:firebase_messaging] AndroidManifest.xml:10:17-78
61-->[:firebase_messaging] AndroidManifest.xml:10:25-75
62            </intent-filter>
63        </service>
64        <service
64-->[:firebase_messaging] AndroidManifest.xml:13:9-17:19
65            android:name="com.google.firebase.components.ComponentDiscoveryService"
65-->[:firebase_messaging] AndroidManifest.xml:13:18-89
66            android:directBootAware="true"
66-->[com.google.firebase:firebase-common:19.3.0] AndroidManifest.xml:34:13-43
67            android:exported="false" >
67-->[com.google.firebase:firebase-messaging:20.1.5] AndroidManifest.xml:37:13-37
68            <meta-data
68-->[:firebase_messaging] AndroidManifest.xml:14:13-16:85
69                android:name="com.google.firebase.components:io.flutter.plugins.firebasemessaging.FlutterFirebaseAppRegistrar"
69-->[:firebase_messaging] AndroidManifest.xml:15:17-127
70                android:value="com.google.firebase.components.ComponentRegistrar" />
70-->[:firebase_messaging] AndroidManifest.xml:16:17-82
71            <meta-data
71-->[com.google.firebase:firebase-messaging:20.1.5] AndroidManifest.xml:38:13-40:85
72                android:name="com.google.firebase.components:com.google.firebase.messaging.FirebaseMessagingRegistrar"
72-->[com.google.firebase:firebase-messaging:20.1.5] AndroidManifest.xml:39:17-119
73                android:value="com.google.firebase.components.ComponentRegistrar" />
73-->[com.google.firebase:firebase-messaging:20.1.5] AndroidManifest.xml:40:17-82
74            <meta-data
74-->[com.google.firebase:firebase-iid:20.1.5] AndroidManifest.xml:32:13-34:85
75                android:name="com.google.firebase.components:com.google.firebase.iid.Registrar"
75-->[com.google.firebase:firebase-iid:20.1.5] AndroidManifest.xml:33:17-96
76                android:value="com.google.firebase.components.ComponentRegistrar" />
76-->[com.google.firebase:firebase-iid:20.1.5] AndroidManifest.xml:34:17-82
77            <meta-data
77-->[com.google.firebase:firebase-datatransport:17.0.3] AndroidManifest.xml:28:13-30:85
78                android:name="com.google.firebase.components:com.google.firebase.datatransport.TransportRegistrar"
78-->[com.google.firebase:firebase-datatransport:17.0.3] AndroidManifest.xml:29:17-115
79                android:value="com.google.firebase.components.ComponentRegistrar" />
79-->[com.google.firebase:firebase-datatransport:17.0.3] AndroidManifest.xml:30:17-82
80            <meta-data
80-->[com.google.firebase:firebase-installations:16.2.1] AndroidManifest.xml:17:13-19:85
81                android:name="com.google.firebase.components:com.google.firebase.installations.FirebaseInstallationsRegistrar"
81-->[com.google.firebase:firebase-installations:16.2.1] AndroidManifest.xml:18:17-127
82                android:value="com.google.firebase.components.ComponentRegistrar" />
82-->[com.google.firebase:firebase-installations:16.2.1] AndroidManifest.xml:19:17-82
83        </service>
84        <!--
85             FirebaseMessagingService performs security checks at runtime,
86             but set to not exported to explicitly avoid allowing another app to call it.
87        -->
88        <service
88-->[com.google.firebase:firebase-messaging:20.1.5] AndroidManifest.xml:28:9-34:19
89            android:name="com.google.firebase.messaging.FirebaseMessagingService"
89-->[com.google.firebase:firebase-messaging:20.1.5] AndroidManifest.xml:29:13-82
90            android:exported="false" >
90-->[com.google.firebase:firebase-messaging:20.1.5] AndroidManifest.xml:30:13-37
91            <intent-filter android:priority="-500" >
91-->[:firebase_messaging] AndroidManifest.xml:9:13-11:29
92                <action android:name="com.google.firebase.MESSAGING_EVENT" />
92-->[:firebase_messaging] AndroidManifest.xml:10:17-78
92-->[:firebase_messaging] AndroidManifest.xml:10:25-75
93            </intent-filter>
94        </service>
95
96        <activity
96-->[:url_launcher] AndroidManifest.xml:8:9-11:74
97            android:name="io.flutter.plugins.urllauncher.WebViewActivity"
97-->[:url_launcher] AndroidManifest.xml:9:13-74
98            android:exported="false"
98-->[:url_launcher] AndroidManifest.xml:10:13-37
99            android:theme="@android:style/Theme.NoTitleBar.Fullscreen" />
99-->[:url_launcher] AndroidManifest.xml:11:13-71
100
101        <receiver
101-->[com.google.firebase:firebase-iid:20.1.5] AndroidManifest.xml:37:9-44:20
102            android:name="com.google.firebase.iid.FirebaseInstanceIdReceiver"
102-->[com.google.firebase:firebase-iid:20.1.5] AndroidManifest.xml:38:13-78
103            android:exported="true"
103-->[com.google.firebase:firebase-iid:20.1.5] AndroidManifest.xml:39:13-36
104            android:permission="com.google.android.c2dm.permission.SEND" >
104-->[com.google.firebase:firebase-iid:20.1.5] AndroidManifest.xml:40:13-73
105            <intent-filter>
105-->[com.google.firebase:firebase-iid:20.1.5] AndroidManifest.xml:41:13-43:29
106                <action android:name="com.google.android.c2dm.intent.RECEIVE" />
106-->[com.google.firebase:firebase-iid:20.1.5] AndroidManifest.xml:42:17-81
106-->[com.google.firebase:firebase-iid:20.1.5] AndroidManifest.xml:42:25-78
107            </intent-filter>
108        </receiver>
109
110        <provider
110-->[com.google.firebase:firebase-common:19.3.0] AndroidManifest.xml:26:9-30:39
111            android:name="com.google.firebase.provider.FirebaseInitProvider"
111-->[com.google.firebase:firebase-common:19.3.0] AndroidManifest.xml:27:13-77
112            android:authorities="com.highqfresh.firebaseinitprovider"
112-->[com.google.firebase:firebase-common:19.3.0] AndroidManifest.xml:28:13-72
113            android:exported="false"
113-->[com.google.firebase:firebase-common:19.3.0] AndroidManifest.xml:29:13-37
114            android:initOrder="100" />
114-->[com.google.firebase:firebase-common:19.3.0] AndroidManifest.xml:30:13-36
115
116        <activity
116-->[com.google.android.gms:play-services-base:17.0.0] AndroidManifest.xml:23:9-26:75
117            android:name="com.google.android.gms.common.api.GoogleApiActivity"
117-->[com.google.android.gms:play-services-base:17.0.0] AndroidManifest.xml:24:13-79
118            android:exported="false"
118-->[com.google.android.gms:play-services-base:17.0.0] AndroidManifest.xml:25:13-37
119            android:theme="@android:style/Theme.Translucent.NoTitleBar" />
119-->[com.google.android.gms:play-services-base:17.0.0] AndroidManifest.xml:26:13-72
120
121        <meta-data
121-->[com.google.android.gms:play-services-basement:17.0.0] AndroidManifest.xml:23:9-25:69
122            android:name="com.google.android.gms.version"
122-->[com.google.android.gms:play-services-basement:17.0.0] AndroidManifest.xml:24:13-58
123            android:value="@integer/google_play_services_version" />
123-->[com.google.android.gms:play-services-basement:17.0.0] AndroidManifest.xml:25:13-66
124
125        <service
125-->[com.google.android.datatransport:transport-backend-cct:2.2.0] AndroidManifest.xml:29:9-35:19
126            android:name="com.google.android.datatransport.runtime.backends.TransportBackendDiscovery"
126-->[com.google.android.datatransport:transport-backend-cct:2.2.0] AndroidManifest.xml:30:13-103
127            android:exported="false" >
127-->[com.google.android.datatransport:transport-backend-cct:2.2.0] AndroidManifest.xml:31:13-37
128            <meta-data
128-->[com.google.android.datatransport:transport-backend-cct:2.2.0] AndroidManifest.xml:32:13-34:39
129                android:name="backend:com.google.android.datatransport.cct.CctBackendFactory"
129-->[com.google.android.datatransport:transport-backend-cct:2.2.0] AndroidManifest.xml:33:17-94
130                android:value="cct" />
130-->[com.google.android.datatransport:transport-backend-cct:2.2.0] AndroidManifest.xml:34:17-36
131        </service>
132        <service
132-->[com.google.android.datatransport:transport-runtime:2.2.0] AndroidManifest.xml:26:9-30:19
133            android:name="com.google.android.datatransport.runtime.scheduling.jobscheduling.JobInfoSchedulerService"
133-->[com.google.android.datatransport:transport-runtime:2.2.0] AndroidManifest.xml:27:13-117
134            android:exported="false"
134-->[com.google.android.datatransport:transport-runtime:2.2.0] AndroidManifest.xml:28:13-37
135            android:permission="android.permission.BIND_JOB_SERVICE" >
135-->[com.google.android.datatransport:transport-runtime:2.2.0] AndroidManifest.xml:29:13-69
136        </service>
137
138        <receiver
138-->[com.google.android.datatransport:transport-runtime:2.2.0] AndroidManifest.xml:32:9-34:40
139            android:name="com.google.android.datatransport.runtime.scheduling.jobscheduling.AlarmManagerSchedulerBroadcastReceiver"
139-->[com.google.android.datatransport:transport-runtime:2.2.0] AndroidManifest.xml:33:13-132
140            android:exported="false" />
140-->[com.google.android.datatransport:transport-runtime:2.2.0] AndroidManifest.xml:34:13-37
141    </application>
142
143</manifest>